<?xml version="1.0" encoding="UTF-8"?>
<testng-results skipped="0" failed="0" ignored="0" total="1" passed="1">
  <reporter-output>
  </reporter-output>
  <suite name="Default suite" duration-ms="37" started-at="2017-08-03T11:23:05Z" finished-at="2017-08-03T11:23:05Z">
    <groups>
    </groups>
    <test name="Default test" duration-ms="37" started-at="2017-08-03T11:23:05Z" finished-at="2017-08-03T11:23:05Z">
      <class name="testscenario.TestJava">
        <test-method status="PASS" signature="beforeMethod()[pri:0, instance:testscenario.TestJava@2344fc66]" name="beforeMethod" is-config="true" duration-ms="4" started-at="2017-08-03T16:53:05Z" finished-at="2017-08-03T16:53:05Z">
          <reporter-output>
          </reporter-output>
        </test-method> <!-- beforeMethod -->
        <test-method status="PASS" signature="test()[pri:0, instance:testscenario.TestJava@2344fc66]" name="test" duration-ms="7" started-at="2017-08-03T16:53:05Z" finished-at="2017-08-03T16:53:05Z">
          <reporter-output>
          </reporter-output>
        </test-method> <!-- test -->
        <test-method status="PASS" signature="afterMethod()[pri:0, instance:testscenario.TestJava@2344fc66]" name="afterMethod" is-config="true" duration-ms="1" started-at="2017-08-03T16:53:05Z" finished-at="2017-08-03T16:53:05Z">
          <reporter-output>
          </reporter-output>
        </test-method> <!-- afterMethod -->
      </class> <!-- testscenario.TestJava -->
    </test> <!-- Default test -->
  </suite> <!-- Default suite -->
</testng-results>
